0.067392 0.000000 0.000000 0 0.000000
0.368857 0.000000 0.000000 0 0.000000
0.537594 0.000000 0.000000 0 0.000000
0.411556 0.000000 0.000000 0 0.000000
0.181599 0.000000 0.000000 0 0.000000
0.355481 0.000000 0.000000 0 0.000000
0.455283 0.000000 0.000000 0 0.000000
0.457341 0.000000 0.000000 0 0.000000
0.308152 0.000000 0.000000 0 0.000000
0.541710 0.000000 0.000000 0 0.000000
0.215552 0.000000 0.000000 0 0.000000
0.157420 0.000000 0.000000 0 0.000000
0.092600 0.000000 0.000000 0 0.000000
0.094658 0.000000 0.000000 0 0.000000
0.258251 0.000000 0.000000 0 0.000000
0.276771 0.000000 0.000000 0 0.000000
0.093629 0.000000 0.000000 0 0.000000
0.108548 0.000000 0.000000 0 0.000000
0.105976 0.000000 0.000000 0 0.000000
0.213494 0.000000 0.000000 0 0.000000
0.131698 0.000000 0.000000 0 0.000000
0.240246 0.000000 0.000000 0 0.000000
0.317412 0.000000 0.000000 0 0.000000
0.343134 0.000000 0.000000 0 0.000000
0.227899 0.000000 0.000000 0 0.000000
0.372458 0.000000 0.000000 0 0.000000
0.076138 0.000000 0.000000 0 0.000000
0.245390 0.000000 0.000000 0 0.000000
0.488722 0.000000 0.000000 0 0.000000
0.379660 0.000000 0.000000 0 0.000000
0.218124 0.000000 0.000000 0 0.000000
0.185200 0.000000 0.000000 0 0.000000
0.209379 0.000000 0.000000 0 0.000000
0.150732 0.000000 0.000000 0 0.000000
0.104947 0.000000 0.000000 0 0.000000
0.069450 0.000000 0.000000 0 0.000000
0.066363 0.000000 0.000000 0 0.000000
0.291176 0.000000 0.000000 0 0.000000
0.292204 0.000000 0.000000 0 0.000000
0.359082 0.000000 0.000000 0 0.000000
0.276771 0.000000 0.000000 0 0.000000
0.134784 0.000000 0.000000 0 0.000000
0.108033 0.000000 0.000000 0 0.000000
0.271112 0.000000 0.000000 0 0.000000
0.253621 0.000000 0.000000 0 0.000000
0.302493 0.000000 0.000000 0 0.000000
0.517531 0.000000 0.000000 0 0.000000
0.724338 0.000000 0.000000 0 0.000000
0.686269 0.000000 0.000000 0 0.000000
0.463000 0.000000 0.000000 0 0.000000
0.499526 0.000000 0.000000 0 0.000000
0.473289 0.000000 0.000000 0 0.000000
0.320499 0.000000 0.000000 0 0.000000
0.267511 0.000000 0.000000 0 0.000000
0.328216 0.000000 0.000000 0 0.000000
0.163593 0.000000 0.000000 0 0.000000
0.089513 0.000000 0.000000 0 0.000000
0.263396 0.000000 0.000000 0 0.000000
0.083340 0.000000 0.000000 0 0.000000
0.081797 0.000000 0.000000 0 0.000000
0.060190 0.000000 0.000000 0 0.000000
0.275228 0.000000 0.000000 0 0.000000
0.088999 0.000000 0.000000 0 0.000000
0.095687 0.000000 0.000000 0 0.000000
0.098259 0.000000 0.000000 0 0.000000
0.102889 0.000000 0.000000 0 0.000000
0.055046 0.000000 0.000000 0 0.000000
0.192402 0.000000 0.000000 0 0.000000
0.116779 0.000000 0.000000 0 0.000000
0.105461 0.000000 0.000000 0 0.000000
0.086941 0.000000 0.000000 0 0.000000
0.115236 0.000000 0.000000 0 0.000000
0.074594 0.000000 0.000000 0 0.000000
0.174397 0.000000 0.000000 0 0.000000
0.155362 0.000000 0.000000 0 0.000000
0.107519 0.000000 0.000000 0 0.000000
0.101346 0.000000 0.000000 0 0.000000
0.232014 0.000000 0.000000 0 0.000000
0.485121 0.000000 0.000000 0 0.000000
0.634824 0.000000 0.000000 0 0.000000
0.646657 0.000000 0.000000 0 0.000000
0.580808 0.000000 0.000000 0 0.000000
0.228928 0.000000 0.000000 0 0.000000
0.130154 0.000000 0.000000 0 0.000000
0.146102 0.000000 0.000000 0 0.000000
0.290661 0.000000 0.000000 0 0.000000
0.325129 0.000000 0.000000 0 0.000000
0.227384 0.000000 0.000000 0 0.000000
0.218639 0.000000 0.000000 0 0.000000
0.295806 0.000000 0.000000 0 0.000000
0.324100 0.000000 0.000000 0 0.000000
0.269054 0.000000 0.000000 0 0.000000
0.506728 0.000000 0.000000 0 0.000000
0.395093 0.000000 0.000000 0 0.000000
0.242303 0.000000 0.000000 0 0.000000
0.486150 0.000000 0.000000 0 0.000000
0.180056 0.000000 0.000000 0 0.000000
0.243847 0.000000 0.000000 0 0.000000
0.152276 0.000000 0.000000 0 0.000000
0.169252 0.000000 0.000000 0 0.000000
0.057618 0.000000 0.000000 0 0.000000
0.125524 0.000000 0.000000 0 0.000000
0.093629 0.000000 0.000000 0 0.000000
0.193946 0.000000 0.000000 0 0.000000
0.250020 0.000000 0.000000 0 0.000000
0.296834 0.000000 0.000000 0 0.000000
0.268026 0.000000 0.000000 0 0.000000
0.199604 0.000000 0.000000 0 0.000000
0.197547 0.000000 0.000000 0 0.000000
0.386348 0.000000 0.000000 0 0.000000
0.551484 0.000000 0.000000 0 0.000000
0.363712 0.000000 0.000000 0 0.000000
0.135813 0.000000 0.000000 0 0.000000
0.138386 0.000000 0.000000 0 0.000000
0.150218 0.000000 0.000000 0 0.000000
0.287574 0.000000 0.000000 0 0.000000
0.316383 0.000000 0.000000 0 0.000000
0.679581 0.000000 0.000000 0 0.000000
0.673922 0.000000 0.000000 0 0.000000
0.971786 0.000000 0.000000 0 0.000000
0.724338 0.000000 0.000000 0 0.000000
0.565374 0.000000 0.000000 0 0.000000
0.306609 0.000000 0.000000 0 0.000000
0.177998 0.000000 0.000000 0 0.000000
0.369886 0.000000 0.000000 0 0.000000
0.246933 0.000000 0.000000 0 0.000000
0.371943 0.000000 0.000000 0 0.000000
0.390978 0.000000 0.000000 0 0.000000
0.121923 0.000000 0.000000 0 0.000000
0.173368 0.000000 0.000000 0 0.000000
0.113178 0.000000 0.000000 0 0.000000
0.145588 0.000000 0.000000 0 0.000000
